[     389ms] [WARNING] Alpine Warning: You can't use [x-collapse] without first installing the "Collapse" plugin here: https://alpinejs.dev/plugins/collapse JSHandle@node @ https://cdn.jsdelivr.net/npm/alpinejs@3.x.x/dist/cdn.min.js:4
[     390ms] [WARNING] Alpine Warning: You can't use [x-collapse] without first installing the "Collapse" plugin here: https://alpinejs.dev/plugins/collapse JSHandle@node @ https://cdn.jsdelivr.net/npm/alpinejs@3.x.x/dist/cdn.min.js:4
[     390ms] [WARNING] Alpine Warning: You can't use [x-collapse] without first installing the "Collapse" plugin here: https://alpinejs.dev/plugins/collapse JSHandle@node @ https://cdn.jsdelivr.net/npm/alpinejs@3.x.x/dist/cdn.min.js:4
[     390ms] [WARNING] Alpine Warning: You can't use [x-collapse] without first installing the "Collapse" plugin here: https://alpinejs.dev/plugins/collapse JSHandle@node @ https://cdn.jsdelivr.net/npm/alpinejs@3.x.x/dist/cdn.min.js:4
[     390ms] [WARNING] Alpine Warning: You can't use [x-collapse] without first installing the "Collapse" plugin here: https://alpinejs.dev/plugins/collapse JSHandle@node @ https://cdn.jsdelivr.net/npm/alpinejs@3.x.x/dist/cdn.min.js:4
[     445ms] [ERROR] Failed to load resource: the server responded with a status of 404 (Not Found) @ http://localhost:3000/icon-192.png:0
[     446ms] [WARNING] Error while trying to use the following icon from the Manifest: http://localhost:3000/icon-192.png (Download error or resource isn't a valid image) @ http://localhost:3000/:0
[  164381ms] [WARNING] Alpine Warning: You can't use [x-collapse] without first installing the "Collapse" plugin here: https://alpinejs.dev/plugins/collapse JSHandle@node @ https://cdn.jsdelivr.net/npm/alpinejs@3.x.x/dist/cdn.min.js:4
[  164381ms] [WARNING] Alpine Warning: You can't use [x-collapse] without first installing the "Collapse" plugin here: https://alpinejs.dev/plugins/collapse JSHandle@node @ https://cdn.jsdelivr.net/npm/alpinejs@3.x.x/dist/cdn.min.js:4
[  164381ms] [WARNING] Alpine Warning: You can't use [x-collapse] without first installing the "Collapse" plugin here: https://alpinejs.dev/plugins/collapse JSHandle@node @ https://cdn.jsdelivr.net/npm/alpinejs@3.x.x/dist/cdn.min.js:4
[  164381ms] [WARNING] Alpine Warning: You can't use [x-collapse] without first installing the "Collapse" plugin here: https://alpinejs.dev/plugins/collapse JSHandle@node @ https://cdn.jsdelivr.net/npm/alpinejs@3.x.x/dist/cdn.min.js:4
[  164381ms] [WARNING] Alpine Warning: You can't use [x-collapse] without first installing the "Collapse" plugin here: https://alpinejs.dev/plugins/collapse JSHandle@node @ https://cdn.jsdelivr.net/npm/alpinejs@3.x.x/dist/cdn.min.js:4
[  164398ms] [ERROR] Failed to load resource: the server responded with a status of 404 (Not Found) @ http://localhost:3000/icon-192.png:0
[  164398ms] [WARNING] Error while trying to use the following icon from the Manifest: http://localhost:3000/icon-192.png (Download error or resource isn't a valid image) @ http://localhost:3000/:0
[  188576ms] [WARNING] Alpine Warning: You can't use [x-collapse] without first installing the "Collapse" plugin here: https://alpinejs.dev/plugins/collapse JSHandle@node @ https://cdn.jsdelivr.net/npm/alpinejs@3.x.x/dist/cdn.min.js:4
[  188576ms] [WARNING] Alpine Warning: You can't use [x-collapse] without first installing the "Collapse" plugin here: https://alpinejs.dev/plugins/collapse JSHandle@node @ https://cdn.jsdelivr.net/npm/alpinejs@3.x.x/dist/cdn.min.js:4
[  188576ms] [WARNING] Alpine Warning: You can't use [x-collapse] without first installing the "Collapse" plugin here: https://alpinejs.dev/plugins/collapse JSHandle@node @ https://cdn.jsdelivr.net/npm/alpinejs@3.x.x/dist/cdn.min.js:4
[  188576ms] [WARNING] Alpine Warning: You can't use [x-collapse] without first installing the "Collapse" plugin here: https://alpinejs.dev/plugins/collapse JSHandle@node @ https://cdn.jsdelivr.net/npm/alpinejs@3.x.x/dist/cdn.min.js:4
[  188577ms] [WARNING] Alpine Warning: You can't use [x-collapse] without first installing the "Collapse" plugin here: https://alpinejs.dev/plugins/collapse JSHandle@node @ https://cdn.jsdelivr.net/npm/alpinejs@3.x.x/dist/cdn.min.js:4
[  188606ms] [ERROR] Failed to load resource: the server responded with a status of 404 (Not Found) @ http://localhost:3000/icon-192.png:0
[  188606ms] [WARNING] Error while trying to use the following icon from the Manifest: http://localhost:3000/icon-192.png (Download error or resource isn't a valid image) @ http://localhost:3000/#fonctionnalites:0
[  223951ms] [WARNING] Alpine Warning: You can't use [x-collapse] without first installing the "Collapse" plugin here: https://alpinejs.dev/plugins/collapse JSHandle@node @ https://cdn.jsdelivr.net/npm/alpinejs@3.x.x/dist/cdn.min.js:4
[  223951ms] [WARNING] Alpine Warning: You can't use [x-collapse] without first installing the "Collapse" plugin here: https://alpinejs.dev/plugins/collapse JSHandle@node @ https://cdn.jsdelivr.net/npm/alpinejs@3.x.x/dist/cdn.min.js:4
[  223951ms] [WARNING] Alpine Warning: You can't use [x-collapse] without first installing the "Collapse" plugin here: https://alpinejs.dev/plugins/collapse JSHandle@node @ https://cdn.jsdelivr.net/npm/alpinejs@3.x.x/dist/cdn.min.js:4
[  223951ms] [WARNING] Alpine Warning: You can't use [x-collapse] without first installing the "Collapse" plugin here: https://alpinejs.dev/plugins/collapse JSHandle@node @ https://cdn.jsdelivr.net/npm/alpinejs@3.x.x/dist/cdn.min.js:4
[  223952ms] [WARNING] Alpine Warning: You can't use [x-collapse] without first installing the "Collapse" plugin here: https://alpinejs.dev/plugins/collapse JSHandle@node @ https://cdn.jsdelivr.net/npm/alpinejs@3.x.x/dist/cdn.min.js:4
[  223967ms] [ERROR] Failed to load resource: the server responded with a status of 404 (Not Found) @ http://localhost:3000/icon-192.png:0
[  223967ms] [WARNING] Error while trying to use the following icon from the Manifest: http://localhost:3000/icon-192.png (Download error or resource isn't a valid image) @ http://localhost:3000/#fonctionnalites:0
[  228235ms] [WARNING] Alpine Warning: You can't use [x-collapse] without first installing the "Collapse" plugin here: https://alpinejs.dev/plugins/collapse JSHandle@node @ https://cdn.jsdelivr.net/npm/alpinejs@3.x.x/dist/cdn.min.js:4
[  228235ms] [WARNING] Alpine Warning: You can't use [x-collapse] without first installing the "Collapse" plugin here: https://alpinejs.dev/plugins/collapse JSHandle@node @ https://cdn.jsdelivr.net/npm/alpinejs@3.x.x/dist/cdn.min.js:4
[  228235ms] [WARNING] Alpine Warning: You can't use [x-collapse] without first installing the "Collapse" plugin here: https://alpinejs.dev/plugins/collapse JSHandle@node @ https://cdn.jsdelivr.net/npm/alpinejs@3.x.x/dist/cdn.min.js:4
[  228235ms] [WARNING] Alpine Warning: You can't use [x-collapse] without first installing the "Collapse" plugin here: https://alpinejs.dev/plugins/collapse JSHandle@node @ https://cdn.jsdelivr.net/npm/alpinejs@3.x.x/dist/cdn.min.js:4
[  228235ms] [WARNING] Alpine Warning: You can't use [x-collapse] without first installing the "Collapse" plugin here: https://alpinejs.dev/plugins/collapse JSHandle@node @ https://cdn.jsdelivr.net/npm/alpinejs@3.x.x/dist/cdn.min.js:4
[  228256ms] [ERROR] Failed to load resource: the server responded with a status of 404 (Not Found) @ http://localhost:3000/icon-192.png:0
[  228256ms] [WARNING] Error while trying to use the following icon from the Manifest: http://localhost:3000/icon-192.png (Download error or resource isn't a valid image) @ http://localhost:3000/#fonctionnalites:0
[  282082ms] [WARNING] Alpine Warning: You can't use [x-collapse] without first installing the "Collapse" plugin here: https://alpinejs.dev/plugins/collapse JSHandle@node @ https://cdn.jsdelivr.net/npm/alpinejs@3.x.x/dist/cdn.min.js:4
[  282082ms] [WARNING] Alpine Warning: You can't use [x-collapse] without first installing the "Collapse" plugin here: https://alpinejs.dev/plugins/collapse JSHandle@node @ https://cdn.jsdelivr.net/npm/alpinejs@3.x.x/dist/cdn.min.js:4
[  282082ms] [WARNING] Alpine Warning: You can't use [x-collapse] without first installing the "Collapse" plugin here: https://alpinejs.dev/plugins/collapse JSHandle@node @ https://cdn.jsdelivr.net/npm/alpinejs@3.x.x/dist/cdn.min.js:4
[  282082ms] [WARNING] Alpine Warning: You can't use [x-collapse] without first installing the "Collapse" plugin here: https://alpinejs.dev/plugins/collapse JSHandle@node @ https://cdn.jsdelivr.net/npm/alpinejs@3.x.x/dist/cdn.min.js:4
[  282082ms] [WARNING] Alpine Warning: You can't use [x-collapse] without first installing the "Collapse" plugin here: https://alpinejs.dev/plugins/collapse JSHandle@node @ https://cdn.jsdelivr.net/npm/alpinejs@3.x.x/dist/cdn.min.js:4
[  282102ms] [ERROR] Failed to load resource: the server responded with a status of 404 (Not Found) @ http://localhost:3000/icon-192.png:0
[  282102ms] [WARNING] Error while trying to use the following icon from the Manifest: http://localhost:3000/icon-192.png (Download error or resource isn't a valid image) @ http://localhost:3000/#fonctionnalites:0
[  283428ms] [WARNING] Alpine Warning: You can't use [x-collapse] without first installing the "Collapse" plugin here: https://alpinejs.dev/plugins/collapse JSHandle@node @ https://cdn.jsdelivr.net/npm/alpinejs@3.x.x/dist/cdn.min.js:4
[  283428ms] [WARNING] Alpine Warning: You can't use [x-collapse] without first installing the "Collapse" plugin here: https://alpinejs.dev/plugins/collapse JSHandle@node @ https://cdn.jsdelivr.net/npm/alpinejs@3.x.x/dist/cdn.min.js:4
[  283428ms] [WARNING] Alpine Warning: You can't use [x-collapse] without first installing the "Collapse" plugin here: https://alpinejs.dev/plugins/collapse JSHandle@node @ https://cdn.jsdelivr.net/npm/alpinejs@3.x.x/dist/cdn.min.js:4
[  283428ms] [WARNING] Alpine Warning: You can't use [x-collapse] without first installing the "Collapse" plugin here: https://alpinejs.dev/plugins/collapse JSHandle@node @ https://cdn.jsdelivr.net/npm/alpinejs@3.x.x/dist/cdn.min.js:4
[  283428ms] [WARNING] Alpine Warning: You can't use [x-collapse] without first installing the "Collapse" plugin here: https://alpinejs.dev/plugins/collapse JSHandle@node @ https://cdn.jsdelivr.net/npm/alpinejs@3.x.x/dist/cdn.min.js:4
[  283445ms] [ERROR] Failed to load resource: the server responded with a status of 404 (Not Found) @ http://localhost:3000/icon-192.png:0
[  283445ms] [WARNING] Error while trying to use the following icon from the Manifest: http://localhost:3000/icon-192.png (Download error or resource isn't a valid image) @ http://localhost:3000/#fonctionnalites:0
[  289882ms] [WARNING] Alpine Warning: You can't use [x-collapse] without first installing the "Collapse" plugin here: https://alpinejs.dev/plugins/collapse JSHandle@node @ https://cdn.jsdelivr.net/npm/alpinejs@3.x.x/dist/cdn.min.js:4
[  289882ms] [WARNING] Alpine Warning: You can't use [x-collapse] without first installing the "Collapse" plugin here: https://alpinejs.dev/plugins/collapse JSHandle@node @ https://cdn.jsdelivr.net/npm/alpinejs@3.x.x/dist/cdn.min.js:4
[  289882ms] [WARNING] Alpine Warning: You can't use [x-collapse] without first installing the "Collapse" plugin here: https://alpinejs.dev/plugins/collapse JSHandle@node @ https://cdn.jsdelivr.net/npm/alpinejs@3.x.x/dist/cdn.min.js:4
[  289882ms] [WARNING] Alpine Warning: You can't use [x-collapse] without first installing the "Collapse" plugin here: https://alpinejs.dev/plugins/collapse JSHandle@node @ https://cdn.jsdelivr.net/npm/alpinejs@3.x.x/dist/cdn.min.js:4
[  289883ms] [WARNING] Alpine Warning: You can't use [x-collapse] without first installing the "Collapse" plugin here: https://alpinejs.dev/plugins/collapse JSHandle@node @ https://cdn.jsdelivr.net/npm/alpinejs@3.x.x/dist/cdn.min.js:4
[  289902ms] [ERROR] Failed to load resource: the server responded with a status of 404 (Not Found) @ http://localhost:3000/icon-192.png:0
[  289902ms] [WARNING] Error while trying to use the following icon from the Manifest: http://localhost:3000/icon-192.png (Download error or resource isn't a valid image) @ http://localhost:3000/#fonctionnalites:0
[  313888ms] [WARNING] Alpine Warning: You can't use [x-collapse] without first installing the "Collapse" plugin here: https://alpinejs.dev/plugins/collapse JSHandle@node @ https://cdn.jsdelivr.net/npm/alpinejs@3.x.x/dist/cdn.min.js:4
[  313888ms] [WARNING] Alpine Warning: You can't use [x-collapse] without first installing the "Collapse" plugin here: https://alpinejs.dev/plugins/collapse JSHandle@node @ https://cdn.jsdelivr.net/npm/alpinejs@3.x.x/dist/cdn.min.js:4
[  313888ms] [WARNING] Alpine Warning: You can't use [x-collapse] without first installing the "Collapse" plugin here: https://alpinejs.dev/plugins/collapse JSHandle@node @ https://cdn.jsdelivr.net/npm/alpinejs@3.x.x/dist/cdn.min.js:4
[  313888ms] [WARNING] Alpine Warning: You can't use [x-collapse] without first installing the "Collapse" plugin here: https://alpinejs.dev/plugins/collapse JSHandle@node @ https://cdn.jsdelivr.net/npm/alpinejs@3.x.x/dist/cdn.min.js:4
[  313888ms] [WARNING] Alpine Warning: You can't use [x-collapse] without first installing the "Collapse" plugin here: https://alpinejs.dev/plugins/collapse JSHandle@node @ https://cdn.jsdelivr.net/npm/alpinejs@3.x.x/dist/cdn.min.js:4
[  313911ms] [ERROR] Failed to load resource: the server responded with a status of 404 (Not Found) @ http://localhost:3000/icon-192.png:0
[  313911ms] [WARNING] Error while trying to use the following icon from the Manifest: http://localhost:3000/icon-192.png (Download error or resource isn't a valid image) @ http://localhost:3000/#fonctionnalites:0
[  376104ms] [WARNING] Alpine Warning: You can't use [x-collapse] without first installing the "Collapse" plugin here: https://alpinejs.dev/plugins/collapse JSHandle@node @ https://cdn.jsdelivr.net/npm/alpinejs@3.x.x/dist/cdn.min.js:4
[  376105ms] [WARNING] Alpine Warning: You can't use [x-collapse] without first installing the "Collapse" plugin here: https://alpinejs.dev/plugins/collapse JSHandle@node @ https://cdn.jsdelivr.net/npm/alpinejs@3.x.x/dist/cdn.min.js:4
[  376105ms] [WARNING] Alpine Warning: You can't use [x-collapse] without first installing the "Collapse" plugin here: https://alpinejs.dev/plugins/collapse JSHandle@node @ https://cdn.jsdelivr.net/npm/alpinejs@3.x.x/dist/cdn.min.js:4
[  376105ms] [WARNING] Alpine Warning: You can't use [x-collapse] without first installing the "Collapse" plugin here: https://alpinejs.dev/plugins/collapse JSHandle@node @ https://cdn.jsdelivr.net/npm/alpinejs@3.x.x/dist/cdn.min.js:4
[  376105ms] [WARNING] Alpine Warning: You can't use [x-collapse] without first installing the "Collapse" plugin here: https://alpinejs.dev/plugins/collapse JSHandle@node @ https://cdn.jsdelivr.net/npm/alpinejs@3.x.x/dist/cdn.min.js:4
[  376125ms] [ERROR] Failed to load resource: the server responded with a status of 404 (Not Found) @ http://localhost:3000/icon-192.png:0
[  376126ms] [WARNING] Error while trying to use the following icon from the Manifest: http://localhost:3000/icon-192.png (Download error or resource isn't a valid image) @ http://localhost:3000/#fonctionnalites:0
[  381021ms] [WARNING] Alpine Warning: You can't use [x-collapse] without first installing the "Collapse" plugin here: https://alpinejs.dev/plugins/collapse JSHandle@node @ https://cdn.jsdelivr.net/npm/alpinejs@3.x.x/dist/cdn.min.js:4
[  381022ms] [WARNING] Alpine Warning: You can't use [x-collapse] without first installing the "Collapse" plugin here: https://alpinejs.dev/plugins/collapse JSHandle@node @ https://cdn.jsdelivr.net/npm/alpinejs@3.x.x/dist/cdn.min.js:4
[  381022ms] [WARNING] Alpine Warning: You can't use [x-collapse] without first installing the "Collapse" plugin here: https://alpinejs.dev/plugins/collapse JSHandle@node @ https://cdn.jsdelivr.net/npm/alpinejs@3.x.x/dist/cdn.min.js:4
[  381022ms] [WARNING] Alpine Warning: You can't use [x-collapse] without first installing the "Collapse" plugin here: https://alpinejs.dev/plugins/collapse JSHandle@node @ https://cdn.jsdelivr.net/npm/alpinejs@3.x.x/dist/cdn.min.js:4
[  381022ms] [WARNING] Alpine Warning: You can't use [x-collapse] without first installing the "Collapse" plugin here: https://alpinejs.dev/plugins/collapse JSHandle@node @ https://cdn.jsdelivr.net/npm/alpinejs@3.x.x/dist/cdn.min.js:4
[  381046ms] [ERROR] Failed to load resource: the server responded with a status of 404 (Not Found) @ http://localhost:3000/icon-192.png:0
[  381047ms] [WARNING] Error while trying to use the following icon from the Manifest: http://localhost:3000/icon-192.png (Download error or resource isn't a valid image) @ http://localhost:3000/#fonctionnalites:0
[  460366ms] [WARNING] Alpine Warning: You can't use [x-collapse] without first installing the "Collapse" plugin here: https://alpinejs.dev/plugins/collapse JSHandle@node @ https://cdn.jsdelivr.net/npm/alpinejs@3.x.x/dist/cdn.min.js:4
[  460367ms] [WARNING] Alpine Warning: You can't use [x-collapse] without first installing the "Collapse" plugin here: https://alpinejs.dev/plugins/collapse JSHandle@node @ https://cdn.jsdelivr.net/npm/alpinejs@3.x.x/dist/cdn.min.js:4
[  460367ms] [WARNING] Alpine Warning: You can't use [x-collapse] without first installing the "Collapse" plugin here: https://alpinejs.dev/plugins/collapse JSHandle@node @ https://cdn.jsdelivr.net/npm/alpinejs@3.x.x/dist/cdn.min.js:4
[  460367ms] [WARNING] Alpine Warning: You can't use [x-collapse] without first installing the "Collapse" plugin here: https://alpinejs.dev/plugins/collapse JSHandle@node @ https://cdn.jsdelivr.net/npm/alpinejs@3.x.x/dist/cdn.min.js:4
[  460367ms] [WARNING] Alpine Warning: You can't use [x-collapse] without first installing the "Collapse" plugin here: https://alpinejs.dev/plugins/collapse JSHandle@node @ https://cdn.jsdelivr.net/npm/alpinejs@3.x.x/dist/cdn.min.js:4
[  460385ms] [ERROR] Failed to load resource: the server responded with a status of 404 (Not Found) @ http://localhost:3000/icon-192.png:0
[  460386ms] [WARNING] Error while trying to use the following icon from the Manifest: http://localhost:3000/icon-192.png (Download error or resource isn't a valid image) @ http://localhost:3000/#essai:0
[  473052ms] [WARNING] Alpine Warning: You can't use [x-collapse] without first installing the "Collapse" plugin here: https://alpinejs.dev/plugins/collapse JSHandle@node @ https://cdn.jsdelivr.net/npm/alpinejs@3.x.x/dist/cdn.min.js:4
[  473052ms] [WARNING] Alpine Warning: You can't use [x-collapse] without first installing the "Collapse" plugin here: https://alpinejs.dev/plugins/collapse JSHandle@node @ https://cdn.jsdelivr.net/npm/alpinejs@3.x.x/dist/cdn.min.js:4
[  473052ms] [WARNING] Alpine Warning: You can't use [x-collapse] without first installing the "Collapse" plugin here: https://alpinejs.dev/plugins/collapse JSHandle@node @ https://cdn.jsdelivr.net/npm/alpinejs@3.x.x/dist/cdn.min.js:4
[  473052ms] [WARNING] Alpine Warning: You can't use [x-collapse] without first installing the "Collapse" plugin here: https://alpinejs.dev/plugins/collapse JSHandle@node @ https://cdn.jsdelivr.net/npm/alpinejs@3.x.x/dist/cdn.min.js:4
[  473052ms] [WARNING] Alpine Warning: You can't use [x-collapse] without first installing the "Collapse" plugin here: https://alpinejs.dev/plugins/collapse JSHandle@node @ https://cdn.jsdelivr.net/npm/alpinejs@3.x.x/dist/cdn.min.js:4
[  473071ms] [ERROR] Failed to load resource: the server responded with a status of 404 (Not Found) @ http://localhost:3000/icon-192.png:0
[  473071ms] [WARNING] Error while trying to use the following icon from the Manifest: http://localhost:3000/icon-192.png (Download error or resource isn't a valid image) @ http://localhost:3000/#essai:0
[  497346ms] [WARNING] Alpine Warning: You can't use [x-collapse] without first installing the "Collapse" plugin here: https://alpinejs.dev/plugins/collapse JSHandle@node @ https://cdn.jsdelivr.net/npm/alpinejs@3.x.x/dist/cdn.min.js:4
[  497347ms] [WARNING] Alpine Warning: You can't use [x-collapse] without first installing the "Collapse" plugin here: https://alpinejs.dev/plugins/collapse JSHandle@node @ https://cdn.jsdelivr.net/npm/alpinejs@3.x.x/dist/cdn.min.js:4
[  497347ms] [WARNING] Alpine Warning: You can't use [x-collapse] without first installing the "Collapse" plugin here: https://alpinejs.dev/plugins/collapse JSHandle@node @ https://cdn.jsdelivr.net/npm/alpinejs@3.x.x/dist/cdn.min.js:4
[  497347ms] [WARNING] Alpine Warning: You can't use [x-collapse] without first installing the "Collapse" plugin here: https://alpinejs.dev/plugins/collapse JSHandle@node @ https://cdn.jsdelivr.net/npm/alpinejs@3.x.x/dist/cdn.min.js:4
[  497347ms] [WARNING] Alpine Warning: You can't use [x-collapse] without first installing the "Collapse" plugin here: https://alpinejs.dev/plugins/collapse JSHandle@node @ https://cdn.jsdelivr.net/npm/alpinejs@3.x.x/dist/cdn.min.js:4
[  497374ms] [ERROR] Failed to load resource: the server responded with a status of 404 (Not Found) @ http://localhost:3000/icon-192.png:0
[  497375ms] [WARNING] Error while trying to use the following icon from the Manifest: http://localhost:3000/icon-192.png (Download error or resource isn't a valid image) @ http://localhost:3000/#essai:0
[  511477ms] [WARNING] Alpine Warning: You can't use [x-collapse] without first installing the "Collapse" plugin here: https://alpinejs.dev/plugins/collapse JSHandle@node @ https://cdn.jsdelivr.net/npm/alpinejs@3.x.x/dist/cdn.min.js:4
[  511477ms] [WARNING] Alpine Warning: You can't use [x-collapse] without first installing the "Collapse" plugin here: https://alpinejs.dev/plugins/collapse JSHandle@node @ https://cdn.jsdelivr.net/npm/alpinejs@3.x.x/dist/cdn.min.js:4
[  511477ms] [WARNING] Alpine Warning: You can't use [x-collapse] without first installing the "Collapse" plugin here: https://alpinejs.dev/plugins/collapse JSHandle@node @ https://cdn.jsdelivr.net/npm/alpinejs@3.x.x/dist/cdn.min.js:4
[  511477ms] [WARNING] Alpine Warning: You can't use [x-collapse] without first installing the "Collapse" plugin here: https://alpinejs.dev/plugins/collapse JSHandle@node @ https://cdn.jsdelivr.net/npm/alpinejs@3.x.x/dist/cdn.min.js:4
[  511477ms] [WARNING] Alpine Warning: You can't use [x-collapse] without first installing the "Collapse" plugin here: https://alpinejs.dev/plugins/collapse JSHandle@node @ https://cdn.jsdelivr.net/npm/alpinejs@3.x.x/dist/cdn.min.js:4
[  511499ms] [ERROR] Failed to load resource: the server responded with a status of 404 (Not Found) @ http://localhost:3000/icon-192.png:0
[  511499ms] [WARNING] Error while trying to use the following icon from the Manifest: http://localhost:3000/icon-192.png (Download error or resource isn't a valid image) @ http://localhost:3000/#essai:0
[  555049ms] [WARNING] Alpine Warning: You can't use [x-collapse] without first installing the "Collapse" plugin here: https://alpinejs.dev/plugins/collapse JSHandle@node @ https://cdn.jsdelivr.net/npm/alpinejs@3.x.x/dist/cdn.min.js:4
[  555049ms] [WARNING] Alpine Warning: You can't use [x-collapse] without first installing the "Collapse" plugin here: https://alpinejs.dev/plugins/collapse JSHandle@node @ https://cdn.jsdelivr.net/npm/alpinejs@3.x.x/dist/cdn.min.js:4
[  555049ms] [WARNING] Alpine Warning: You can't use [x-collapse] without first installing the "Collapse" plugin here: https://alpinejs.dev/plugins/collapse JSHandle@node @ https://cdn.jsdelivr.net/npm/alpinejs@3.x.x/dist/cdn.min.js:4
[  555049ms] [WARNING] Alpine Warning: You can't use [x-collapse] without first installing the "Collapse" plugin here: https://alpinejs.dev/plugins/collapse JSHandle@node @ https://cdn.jsdelivr.net/npm/alpinejs@3.x.x/dist/cdn.min.js:4
[  555049ms] [WARNING] Alpine Warning: You can't use [x-collapse] without first installing the "Collapse" plugin here: https://alpinejs.dev/plugins/collapse JSHandle@node @ https://cdn.jsdelivr.net/npm/alpinejs@3.x.x/dist/cdn.min.js:4
[  555066ms] [ERROR] Failed to load resource: the server responded with a status of 404 (Not Found) @ http://localhost:3000/icon-192.png:0
[  555066ms] [WARNING] Error while trying to use the following icon from the Manifest: http://localhost:3000/icon-192.png (Download error or resource isn't a valid image) @ http://localhost:3000/#essai:0
[  568305ms] [WARNING] Alpine Warning: You can't use [x-collapse] without first installing the "Collapse" plugin here: https://alpinejs.dev/plugins/collapse JSHandle@node @ https://cdn.jsdelivr.net/npm/alpinejs@3.x.x/dist/cdn.min.js:4
[  568305ms] [WARNING] Alpine Warning: You can't use [x-collapse] without first installing the "Collapse" plugin here: https://alpinejs.dev/plugins/collapse JSHandle@node @ https://cdn.jsdelivr.net/npm/alpinejs@3.x.x/dist/cdn.min.js:4
[  568305ms] [WARNING] Alpine Warning: You can't use [x-collapse] without first installing the "Collapse" plugin here: https://alpinejs.dev/plugins/collapse JSHandle@node @ https://cdn.jsdelivr.net/npm/alpinejs@3.x.x/dist/cdn.min.js:4
[  568305ms] [WARNING] Alpine Warning: You can't use [x-collapse] without first installing the "Collapse" plugin here: https://alpinejs.dev/plugins/collapse JSHandle@node @ https://cdn.jsdelivr.net/npm/alpinejs@3.x.x/dist/cdn.min.js:4
[  568305ms] [WARNING] Alpine Warning: You can't use [x-collapse] without first installing the "Collapse" plugin here: https://alpinejs.dev/plugins/collapse JSHandle@node @ https://cdn.jsdelivr.net/npm/alpinejs@3.x.x/dist/cdn.min.js:4
[  568328ms] [ERROR] Failed to load resource: the server responded with a status of 404 (Not Found) @ http://localhost:3000/icon-192.png:0
[  568328ms] [WARNING] Error while trying to use the following icon from the Manifest: http://localhost:3000/icon-192.png (Download error or resource isn't a valid image) @ http://localhost:3000/#essai:0
[  627544ms] [WARNING] Alpine Warning: You can't use [x-collapse] without first installing the "Collapse" plugin here: https://alpinejs.dev/plugins/collapse JSHandle@node @ https://cdn.jsdelivr.net/npm/alpinejs@3.x.x/dist/cdn.min.js:4
[  627545ms] [WARNING] Alpine Warning: You can't use [x-collapse] without first installing the "Collapse" plugin here: https://alpinejs.dev/plugins/collapse JSHandle@node @ https://cdn.jsdelivr.net/npm/alpinejs@3.x.x/dist/cdn.min.js:4
[  627545ms] [WARNING] Alpine Warning: You can't use [x-collapse] without first installing the "Collapse" plugin here: https://alpinejs.dev/plugins/collapse JSHandle@node @ https://cdn.jsdelivr.net/npm/alpinejs@3.x.x/dist/cdn.min.js:4
[  627545ms] [WARNING] Alpine Warning: You can't use [x-collapse] without first installing the "Collapse" plugin here: https://alpinejs.dev/plugins/collapse JSHandle@node @ https://cdn.jsdelivr.net/npm/alpinejs@3.x.x/dist/cdn.min.js:4
[  627545ms] [WARNING] Alpine Warning: You can't use [x-collapse] without first installing the "Collapse" plugin here: https://alpinejs.dev/plugins/collapse JSHandle@node @ https://cdn.jsdelivr.net/npm/alpinejs@3.x.x/dist/cdn.min.js:4
[  627569ms] [ERROR] Failed to load resource: the server responded with a status of 404 (Not Found) @ http://localhost:3000/icon-192.png:0
[  627569ms] [WARNING] Error while trying to use the following icon from the Manifest: http://localhost:3000/icon-192.png (Download error or resource isn't a valid image) @ http://localhost:3000/#essai:0
[  681370ms] [WARNING] Alpine Warning: You can't use [x-collapse] without first installing the "Collapse" plugin here: https://alpinejs.dev/plugins/collapse JSHandle@node @ https://cdn.jsdelivr.net/npm/alpinejs@3.x.x/dist/cdn.min.js:4
[  681371ms] [WARNING] Alpine Warning: You can't use [x-collapse] without first installing the "Collapse" plugin here: https://alpinejs.dev/plugins/collapse JSHandle@node @ https://cdn.jsdelivr.net/npm/alpinejs@3.x.x/dist/cdn.min.js:4
[  681371ms] [WARNING] Alpine Warning: You can't use [x-collapse] without first installing the "Collapse" plugin here: https://alpinejs.dev/plugins/collapse JSHandle@node @ https://cdn.jsdelivr.net/npm/alpinejs@3.x.x/dist/cdn.min.js:4
[  681371ms] [WARNING] Alpine Warning: You can't use [x-collapse] without first installing the "Collapse" plugin here: https://alpinejs.dev/plugins/collapse JSHandle@node @ https://cdn.jsdelivr.net/npm/alpinejs@3.x.x/dist/cdn.min.js:4
[  681371ms] [WARNING] Alpine Warning: You can't use [x-collapse] without first installing the "Collapse" plugin here: https://alpinejs.dev/plugins/collapse JSHandle@node @ https://cdn.jsdelivr.net/npm/alpinejs@3.x.x/dist/cdn.min.js:4
[  681393ms] [ERROR] Failed to load resource: the server responded with a status of 404 (Not Found) @ http://localhost:3000/icon-192.png:0
[  681394ms] [WARNING] Error while trying to use the following icon from the Manifest: http://localhost:3000/icon-192.png (Download error or resource isn't a valid image) @ http://localhost:3000/#essai:0
[  900606ms] [WARNING] Alpine Warning: You can't use [x-collapse] without first installing the "Collapse" plugin here: https://alpinejs.dev/plugins/collapse JSHandle@node @ https://cdn.jsdelivr.net/npm/alpinejs@3.x.x/dist/cdn.min.js:4
[  900606ms] [WARNING] Alpine Warning: You can't use [x-collapse] without first installing the "Collapse" plugin here: https://alpinejs.dev/plugins/collapse JSHandle@node @ https://cdn.jsdelivr.net/npm/alpinejs@3.x.x/dist/cdn.min.js:4
[  900607ms] [WARNING] Alpine Warning: You can't use [x-collapse] without first installing the "Collapse" plugin here: https://alpinejs.dev/plugins/collapse JSHandle@node @ https://cdn.jsdelivr.net/npm/alpinejs@3.x.x/dist/cdn.min.js:4
[  900607ms] [WARNING] Alpine Warning: You can't use [x-collapse] without first installing the "Collapse" plugin here: https://alpinejs.dev/plugins/collapse JSHandle@node @ https://cdn.jsdelivr.net/npm/alpinejs@3.x.x/dist/cdn.min.js:4
[  900607ms] [WARNING] Alpine Warning: You can't use [x-collapse] without first installing the "Collapse" plugin here: https://alpinejs.dev/plugins/collapse JSHandle@node @ https://cdn.jsdelivr.net/npm/alpinejs@3.x.x/dist/cdn.min.js:4
[  900636ms] [ERROR] Failed to load resource: the server responded with a status of 404 (Not Found) @ http://localhost:3000/icon-192.png:0
[  900636ms] [WARNING] Error while trying to use the following icon from the Manifest: http://localhost:3000/icon-192.png (Download error or resource isn't a valid image) @ http://localhost:3000/#essai:0
[  909698ms] [WARNING] Alpine Warning: You can't use [x-collapse] without first installing the "Collapse" plugin here: https://alpinejs.dev/plugins/collapse JSHandle@node @ https://cdn.jsdelivr.net/npm/alpinejs@3.x.x/dist/cdn.min.js:4
[  909698ms] [WARNING] Alpine Warning: You can't use [x-collapse] without first installing the "Collapse" plugin here: https://alpinejs.dev/plugins/collapse JSHandle@node @ https://cdn.jsdelivr.net/npm/alpinejs@3.x.x/dist/cdn.min.js:4
[  909698ms] [WARNING] Alpine Warning: You can't use [x-collapse] without first installing the "Collapse" plugin here: https://alpinejs.dev/plugins/collapse JSHandle@node @ https://cdn.jsdelivr.net/npm/alpinejs@3.x.x/dist/cdn.min.js:4
[  909698ms] [WARNING] Alpine Warning: You can't use [x-collapse] without first installing the "Collapse" plugin here: https://alpinejs.dev/plugins/collapse JSHandle@node @ https://cdn.jsdelivr.net/npm/alpinejs@3.x.x/dist/cdn.min.js:4
[  909698ms] [WARNING] Alpine Warning: You can't use [x-collapse] without first installing the "Collapse" plugin here: https://alpinejs.dev/plugins/collapse JSHandle@node @ https://cdn.jsdelivr.net/npm/alpinejs@3.x.x/dist/cdn.min.js:4
[  909725ms] [ERROR] Failed to load resource: the server responded with a status of 404 (Not Found) @ http://localhost:3000/icon-192.png:0
[  909725ms] [WARNING] Error while trying to use the following icon from the Manifest: http://localhost:3000/icon-192.png (Download error or resource isn't a valid image) @ http://localhost:3000/#essai:0
[  924840ms] [WARNING] Alpine Warning: You can't use [x-collapse] without first installing the "Collapse" plugin here: https://alpinejs.dev/plugins/collapse JSHandle@node @ https://cdn.jsdelivr.net/npm/alpinejs@3.x.x/dist/cdn.min.js:4
[  924840ms] [WARNING] Alpine Warning: You can't use [x-collapse] without first installing the "Collapse" plugin here: https://alpinejs.dev/plugins/collapse JSHandle@node @ https://cdn.jsdelivr.net/npm/alpinejs@3.x.x/dist/cdn.min.js:4
[  924840ms] [WARNING] Alpine Warning: You can't use [x-collapse] without first installing the "Collapse" plugin here: https://alpinejs.dev/plugins/collapse JSHandle@node @ https://cdn.jsdelivr.net/npm/alpinejs@3.x.x/dist/cdn.min.js:4
[  924841ms] [WARNING] Alpine Warning: You can't use [x-collapse] without first installing the "Collapse" plugin here: https://alpinejs.dev/plugins/collapse JSHandle@node @ https://cdn.jsdelivr.net/npm/alpinejs@3.x.x/dist/cdn.min.js:4
[  924842ms] [WARNING] Alpine Warning: You can't use [x-collapse] without first installing the "Collapse" plugin here: https://alpinejs.dev/plugins/collapse JSHandle@node @ https://cdn.jsdelivr.net/npm/alpinejs@3.x.x/dist/cdn.min.js:4
[  924861ms] [ERROR] Failed to load resource: the server responded with a status of 404 (Not Found) @ http://localhost:3000/icon-192.png:0
[  924861ms] [WARNING] Error while trying to use the following icon from the Manifest: http://localhost:3000/icon-192.png (Download error or resource isn't a valid image) @ http://localhost:3000/#essai:0
[  946903ms] [WARNING] Alpine Warning: You can't use [x-collapse] without first installing the "Collapse" plugin here: https://alpinejs.dev/plugins/collapse JSHandle@node @ https://cdn.jsdelivr.net/npm/alpinejs@3.x.x/dist/cdn.min.js:4
[  946904ms] [WARNING] Alpine Warning: You can't use [x-collapse] without first installing the "Collapse" plugin here: https://alpinejs.dev/plugins/collapse JSHandle@node @ https://cdn.jsdelivr.net/npm/alpinejs@3.x.x/dist/cdn.min.js:4
[  946904ms] [WARNING] Alpine Warning: You can't use [x-collapse] without first installing the "Collapse" plugin here: https://alpinejs.dev/plugins/collapse JSHandle@node @ https://cdn.jsdelivr.net/npm/alpinejs@3.x.x/dist/cdn.min.js:4
[  946904ms] [WARNING] Alpine Warning: You can't use [x-collapse] without first installing the "Collapse" plugin here: https://alpinejs.dev/plugins/collapse JSHandle@node @ https://cdn.jsdelivr.net/npm/alpinejs@3.x.x/dist/cdn.min.js:4
[  946904ms] [WARNING] Alpine Warning: You can't use [x-collapse] without first installing the "Collapse" plugin here: https://alpinejs.dev/plugins/collapse JSHandle@node @ https://cdn.jsdelivr.net/npm/alpinejs@3.x.x/dist/cdn.min.js:4
[  946929ms] [ERROR] Failed to load resource: the server responded with a status of 404 (Not Found) @ http://localhost:3000/icon-192.png:0
[  946929ms] [WARNING] Error while trying to use the following icon from the Manifest: http://localhost:3000/icon-192.png (Download error or resource isn't a valid image) @ http://localhost:3000/#essai:0
[  957703ms] [WARNING] Alpine Warning: You can't use [x-collapse] without first installing the "Collapse" plugin here: https://alpinejs.dev/plugins/collapse JSHandle@node @ https://cdn.jsdelivr.net/npm/alpinejs@3.x.x/dist/cdn.min.js:4
[  957703ms] [WARNING] Alpine Warning: You can't use [x-collapse] without first installing the "Collapse" plugin here: https://alpinejs.dev/plugins/collapse JSHandle@node @ https://cdn.jsdelivr.net/npm/alpinejs@3.x.x/dist/cdn.min.js:4
[  957703ms] [WARNING] Alpine Warning: You can't use [x-collapse] without first installing the "Collapse" plugin here: https://alpinejs.dev/plugins/collapse JSHandle@node @ https://cdn.jsdelivr.net/npm/alpinejs@3.x.x/dist/cdn.min.js:4
[  957703ms] [WARNING] Alpine Warning: You can't use [x-collapse] without first installing the "Collapse" plugin here: https://alpinejs.dev/plugins/collapse JSHandle@node @ https://cdn.jsdelivr.net/npm/alpinejs@3.x.x/dist/cdn.min.js:4
[  957704ms] [WARNING] Alpine Warning: You can't use [x-collapse] without first installing the "Collapse" plugin here: https://alpinejs.dev/plugins/collapse JSHandle@node @ https://cdn.jsdelivr.net/npm/alpinejs@3.x.x/dist/cdn.min.js:4
[  957724ms] [ERROR] Failed to load resource: the server responded with a status of 404 (Not Found) @ http://localhost:3000/icon-192.png:0
[  957724ms] [WARNING] Error while trying to use the following icon from the Manifest: http://localhost:3000/icon-192.png (Download error or resource isn't a valid image) @ http://localhost:3000/#essai:0
[  977699ms] [WARNING] Alpine Warning: You can't use [x-collapse] without first installing the "Collapse" plugin here: https://alpinejs.dev/plugins/collapse JSHandle@node @ https://cdn.jsdelivr.net/npm/alpinejs@3.x.x/dist/cdn.min.js:4
[  977699ms] [WARNING] Alpine Warning: You can't use [x-collapse] without first installing the "Collapse" plugin here: https://alpinejs.dev/plugins/collapse JSHandle@node @ https://cdn.jsdelivr.net/npm/alpinejs@3.x.x/dist/cdn.min.js:4
[  977699ms] [WARNING] Alpine Warning: You can't use [x-collapse] without first installing the "Collapse" plugin here: https://alpinejs.dev/plugins/collapse JSHandle@node @ https://cdn.jsdelivr.net/npm/alpinejs@3.x.x/dist/cdn.min.js:4
[  977699ms] [WARNING] Alpine Warning: You can't use [x-collapse] without first installing the "Collapse" plugin here: https://alpinejs.dev/plugins/collapse JSHandle@node @ https://cdn.jsdelivr.net/npm/alpinejs@3.x.x/dist/cdn.min.js:4
[  977699ms] [WARNING] Alpine Warning: You can't use [x-collapse] without first installing the "Collapse" plugin here: https://alpinejs.dev/plugins/collapse JSHandle@node @ https://cdn.jsdelivr.net/npm/alpinejs@3.x.x/dist/cdn.min.js:4
[  977720ms] [ERROR] Failed to load resource: the server responded with a status of 404 (Not Found) @ http://localhost:3000/icon-192.png:0
[  977720ms] [WARNING] Error while trying to use the following icon from the Manifest: http://localhost:3000/icon-192.png (Download error or resource isn't a valid image) @ http://localhost:3000/#essai:0
[ 1015547ms] [WARNING] Alpine Warning: You can't use [x-collapse] without first installing the "Collapse" plugin here: https://alpinejs.dev/plugins/collapse JSHandle@node @ https://cdn.jsdelivr.net/npm/alpinejs@3.x.x/dist/cdn.min.js:4
[ 1015548ms] [WARNING] Alpine Warning: You can't use [x-collapse] without first installing the "Collapse" plugin here: https://alpinejs.dev/plugins/collapse JSHandle@node @ https://cdn.jsdelivr.net/npm/alpinejs@3.x.x/dist/cdn.min.js:4
[ 1015548ms] [WARNING] Alpine Warning: You can't use [x-collapse] without first installing the "Collapse" plugin here: https://alpinejs.dev/plugins/collapse JSHandle@node @ https://cdn.jsdelivr.net/npm/alpinejs@3.x.x/dist/cdn.min.js:4
[ 1015548ms] [WARNING] Alpine Warning: You can't use [x-collapse] without first installing the "Collapse" plugin here: https://alpinejs.dev/plugins/collapse JSHandle@node @ https://cdn.jsdelivr.net/npm/alpinejs@3.x.x/dist/cdn.min.js:4
[ 1015548ms] [WARNING] Alpine Warning: You can't use [x-collapse] without first installing the "Collapse" plugin here: https://alpinejs.dev/plugins/collapse JSHandle@node @ https://cdn.jsdelivr.net/npm/alpinejs@3.x.x/dist/cdn.min.js:4
[ 1015568ms] [ERROR] Failed to load resource: the server responded with a status of 404 (Not Found) @ http://localhost:3000/icon-192.png:0
[ 1015568ms] [WARNING] Error while trying to use the following icon from the Manifest: http://localhost:3000/icon-192.png (Download error or resource isn't a valid image) @ http://localhost:3000/#essai:0
[ 1043898ms] [WARNING] Alpine Warning: You can't use [x-collapse] without first installing the "Collapse" plugin here: https://alpinejs.dev/plugins/collapse JSHandle@node @ https://cdn.jsdelivr.net/npm/alpinejs@3.x.x/dist/cdn.min.js:4
[ 1043898ms] [WARNING] Alpine Warning: You can't use [x-collapse] without first installing the "Collapse" plugin here: https://alpinejs.dev/plugins/collapse JSHandle@node @ https://cdn.jsdelivr.net/npm/alpinejs@3.x.x/dist/cdn.min.js:4
[ 1043898ms] [WARNING] Alpine Warning: You can't use [x-collapse] without first installing the "Collapse" plugin here: https://alpinejs.dev/plugins/collapse JSHandle@node @ https://cdn.jsdelivr.net/npm/alpinejs@3.x.x/dist/cdn.min.js:4
[ 1043898ms] [WARNING] Alpine Warning: You can't use [x-collapse] without first installing the "Collapse" plugin here: https://alpinejs.dev/plugins/collapse JSHandle@node @ https://cdn.jsdelivr.net/npm/alpinejs@3.x.x/dist/cdn.min.js:4
[ 1043898ms] [WARNING] Alpine Warning: You can't use [x-collapse] without first installing the "Collapse" plugin here: https://alpinejs.dev/plugins/collapse JSHandle@node @ https://cdn.jsdelivr.net/npm/alpinejs@3.x.x/dist/cdn.min.js:4
[ 1043921ms] [ERROR] Failed to load resource: the server responded with a status of 404 (Not Found) @ http://localhost:3000/icon-192.png:0
[ 1043921ms] [WARNING] Error while trying to use the following icon from the Manifest: http://localhost:3000/icon-192.png (Download error or resource isn't a valid image) @ http://localhost:3000/#essai:0
[ 1113845ms] [WARNING] Alpine Warning: You can't use [x-collapse] without first installing the "Collapse" plugin here: https://alpinejs.dev/plugins/collapse JSHandle@node @ https://cdn.jsdelivr.net/npm/alpinejs@3.x.x/dist/cdn.min.js:4
[ 1113846ms] [WARNING] Alpine Warning: You can't use [x-collapse] without first installing the "Collapse" plugin here: https://alpinejs.dev/plugins/collapse JSHandle@node @ https://cdn.jsdelivr.net/npm/alpinejs@3.x.x/dist/cdn.min.js:4
[ 1113846ms] [WARNING] Alpine Warning: You can't use [x-collapse] without first installing the "Collapse" plugin here: https://alpinejs.dev/plugins/collapse JSHandle@node @ https://cdn.jsdelivr.net/npm/alpinejs@3.x.x/dist/cdn.min.js:4
[ 1113847ms] [WARNING] Alpine Warning: You can't use [x-collapse] without first installing the "Collapse" plugin here: https://alpinejs.dev/plugins/collapse JSHandle@node @ https://cdn.jsdelivr.net/npm/alpinejs@3.x.x/dist/cdn.min.js:4
[ 1113847ms] [WARNING] Alpine Warning: You can't use [x-collapse] without first installing the "Collapse" plugin here: https://alpinejs.dev/plugins/collapse JSHandle@node @ https://cdn.jsdelivr.net/npm/alpinejs@3.x.x/dist/cdn.min.js:4
[ 1113896ms] [ERROR] Failed to load resource: the server responded with a status of 404 (Not Found) @ http://localhost:3000/icon-192.png:0
[ 1113897ms] [WARNING] Error while trying to use the following icon from the Manifest: http://localhost:3000/icon-192.png (Download error or resource isn't a valid image) @ http://localhost:3000/#essai:0
[ 1151998ms] [WARNING] Alpine Warning: You can't use [x-collapse] without first installing the "Collapse" plugin here: https://alpinejs.dev/plugins/collapse JSHandle@node @ https://cdn.jsdelivr.net/npm/alpinejs@3.x.x/dist/cdn.min.js:4
[ 1151998ms] [WARNING] Alpine Warning: You can't use [x-collapse] without first installing the "Collapse" plugin here: https://alpinejs.dev/plugins/collapse JSHandle@node @ https://cdn.jsdelivr.net/npm/alpinejs@3.x.x/dist/cdn.min.js:4
[ 1151998ms] [WARNING] Alpine Warning: You can't use [x-collapse] without first installing the "Collapse" plugin here: https://alpinejs.dev/plugins/collapse JSHandle@node @ https://cdn.jsdelivr.net/npm/alpinejs@3.x.x/dist/cdn.min.js:4
[ 1151998ms] [WARNING] Alpine Warning: You can't use [x-collapse] without first installing the "Collapse" plugin here: https://alpinejs.dev/plugins/collapse JSHandle@node @ https://cdn.jsdelivr.net/npm/alpinejs@3.x.x/dist/cdn.min.js:4
[ 1151998ms] [WARNING] Alpine Warning: You can't use [x-collapse] without first installing the "Collapse" plugin here: https://alpinejs.dev/plugins/collapse JSHandle@node @ https://cdn.jsdelivr.net/npm/alpinejs@3.x.x/dist/cdn.min.js:4
[ 1152037ms] [ERROR] Failed to load resource: the server responded with a status of 404 (Not Found) @ http://localhost:3000/icon-192.png:0
[ 1152037ms] [WARNING] Error while trying to use the following icon from the Manifest: http://localhost:3000/icon-192.png (Download error or resource isn't a valid image) @ http://localhost:3000/#essai:0
[ 1217045ms] [WARNING] Alpine Warning: You can't use [x-collapse] without first installing the "Collapse" plugin here: https://alpinejs.dev/plugins/collapse JSHandle@node @ https://cdn.jsdelivr.net/npm/alpinejs@3.x.x/dist/cdn.min.js:4
[ 1217046ms] [WARNING] Alpine Warning: You can't use [x-collapse] without first installing the "Collapse" plugin here: https://alpinejs.dev/plugins/collapse JSHandle@node @ https://cdn.jsdelivr.net/npm/alpinejs@3.x.x/dist/cdn.min.js:4
[ 1217046ms] [WARNING] Alpine Warning: You can't use [x-collapse] without first installing the "Collapse" plugin here: https://alpinejs.dev/plugins/collapse JSHandle@node @ https://cdn.jsdelivr.net/npm/alpinejs@3.x.x/dist/cdn.min.js:4
[ 1217046ms] [WARNING] Alpine Warning: You can't use [x-collapse] without first installing the "Collapse" plugin here: https://alpinejs.dev/plugins/collapse JSHandle@node @ https://cdn.jsdelivr.net/npm/alpinejs@3.x.x/dist/cdn.min.js:4
[ 1217046ms] [WARNING] Alpine Warning: You can't use [x-collapse] without first installing the "Collapse" plugin here: https://alpinejs.dev/plugins/collapse JSHandle@node @ https://cdn.jsdelivr.net/npm/alpinejs@3.x.x/dist/cdn.min.js:4
[ 1217076ms] [ERROR] Failed to load resource: the server responded with a status of 404 (Not Found) @ http://localhost:3000/icon-192.png:0
[ 1217076ms] [WARNING] Error while trying to use the following icon from the Manifest: http://localhost:3000/icon-192.png (Download error or resource isn't a valid image) @ http://localhost:3000/#essai:0
[ 1241529ms] [WARNING] Alpine Warning: You can't use [x-collapse] without first installing the "Collapse" plugin here: https://alpinejs.dev/plugins/collapse JSHandle@node @ https://cdn.jsdelivr.net/npm/alpinejs@3.x.x/dist/cdn.min.js:4
[ 1241529ms] [WARNING] Alpine Warning: You can't use [x-collapse] without first installing the "Collapse" plugin here: https://alpinejs.dev/plugins/collapse JSHandle@node @ https://cdn.jsdelivr.net/npm/alpinejs@3.x.x/dist/cdn.min.js:4
[ 1241529ms] [WARNING] Alpine Warning: You can't use [x-collapse] without first installing the "Collapse" plugin here: https://alpinejs.dev/plugins/collapse JSHandle@node @ https://cdn.jsdelivr.net/npm/alpinejs@3.x.x/dist/cdn.min.js:4
[ 1241530ms] [WARNING] Alpine Warning: You can't use [x-collapse] without first installing the "Collapse" plugin here: https://alpinejs.dev/plugins/collapse JSHandle@node @ https://cdn.jsdelivr.net/npm/alpinejs@3.x.x/dist/cdn.min.js:4
[ 1241530ms] [WARNING] Alpine Warning: You can't use [x-collapse] without first installing the "Collapse" plugin here: https://alpinejs.dev/plugins/collapse JSHandle@node @ https://cdn.jsdelivr.net/npm/alpinejs@3.x.x/dist/cdn.min.js:4
[ 1241546ms] [ERROR] Failed to load resource: the server responded with a status of 404 (Not Found) @ http://localhost:3000/icon-192.png:0
[ 1241546ms] [WARNING] Error while trying to use the following icon from the Manifest: http://localhost:3000/icon-192.png (Download error or resource isn't a valid image) @ http://localhost:3000/#essai:0
[ 1256566ms] [WARNING] Alpine Warning: You can't use [x-collapse] without first installing the "Collapse" plugin here: https://alpinejs.dev/plugins/collapse JSHandle@node @ https://cdn.jsdelivr.net/npm/alpinejs@3.x.x/dist/cdn.min.js:4
[ 1256566ms] [WARNING] Alpine Warning: You can't use [x-collapse] without first installing the "Collapse" plugin here: https://alpinejs.dev/plugins/collapse JSHandle@node @ https://cdn.jsdelivr.net/npm/alpinejs@3.x.x/dist/cdn.min.js:4
[ 1256566ms] [WARNING] Alpine Warning: You can't use [x-collapse] without first installing the "Collapse" plugin here: https://alpinejs.dev/plugins/collapse JSHandle@node @ https://cdn.jsdelivr.net/npm/alpinejs@3.x.x/dist/cdn.min.js:4
[ 1256566ms] [WARNING] Alpine Warning: You can't use [x-collapse] without first installing the "Collapse" plugin here: https://alpinejs.dev/plugins/collapse JSHandle@node @ https://cdn.jsdelivr.net/npm/alpinejs@3.x.x/dist/cdn.min.js:4
[ 1256566ms] [WARNING] Alpine Warning: You can't use [x-collapse] without first installing the "Collapse" plugin here: https://alpinejs.dev/plugins/collapse JSHandle@node @ https://cdn.jsdelivr.net/npm/alpinejs@3.x.x/dist/cdn.min.js:4
[ 1256587ms] [ERROR] Failed to load resource: the server responded with a status of 404 (Not Found) @ http://localhost:3000/icon-192.png:0
[ 1256587ms] [WARNING] Error while trying to use the following icon from the Manifest: http://localhost:3000/icon-192.png (Download error or resource isn't a valid image) @ http://localhost:3000/#essai:0
